{"C:\\Users\\PC\\Desktop\\meet\\src\\App.jsx": {"path":"C:\\Users\\PC\\Desktop\\meet\\src\\App.jsx","statementMap":{"0":{"start":{"line":6,"column":12},"end":{"line":14,"column":1}},"1":{"start":{"line":7,"column":2},"end":{"line":13,"column":4}}},"fnMap":{"0":{"name":"(anonymous_0)","decl":{"start":{"line":6,"column":12},"end":{"line":6,"column":13}},"loc":{"start":{"line":6,"column":18},"end":{"line":14,"column":1}},"line":6}},"branchMap":{},"s":{"0":1,"1":3},"f":{"0":3},"b":{},"_coverageSchema":"1a1c01bbd47fc00a2c39e90264f33305004495a9","hash":"f0fbdb26cc91d1ce8a7630db9995ff0800197812"}
,"C:\\Users\\PC\\Desktop\\meet\\src\\api.js": {"path":"C:\\Users\\PC\\Desktop\\meet\\src\\api.js","statementMap":{"0":{"start":{"line":5,"column":32},"end":{"line":9,"column":1}},"1":{"start":{"line":6,"column":29},"end":{"line":6,"column":66}},"2":{"start":{"line":6,"column":51},"end":{"line":6,"column":65}},"3":{"start":{"line":7,"column":20},"end":{"line":7,"column":52}},"4":{"start":{"line":8,"column":2},"end":{"line":8,"column":19}},"5":{"start":{"line":15,"column":25},"end":{"line":17,"column":1}},"6":{"start":{"line":16,"column":2},"end":{"line":16,"column":18}}},"fnMap":{"0":{"name":"(anonymous_0)","decl":{"start":{"line":5,"column":32},"end":{"line":5,"column":33}},"loc":{"start":{"line":5,"column":44},"end":{"line":9,"column":1}},"line":5},"1":{"name":"(anonymous_1)","decl":{"start":{"line":6,"column":40},"end":{"line":6,"column":41}},"loc":{"start":{"line":6,"column":51},"end":{"line":6,"column":65}},"line":6},"2":{"name":"(anonymous_2)","decl":{"start":{"line":15,"column":25},"end":{"line":15,"column":26}},"loc":{"start":{"line":15,"column":37},"end":{"line":17,"column":1}},"line":15}},"branchMap":{},"s":{"0":3,"1":2,"2":68,"3":2,"4":2,"5":3,"6":9},"f":{"0":2,"1":68,"2":9},"b":{},"_coverageSchema":"1a1c01bbd47fc00a2c39e90264f33305004495a9","hash":"eb2a239160eab316494f6c65721343fc33bcec69"}
,"C:\\Users\\PC\\Desktop\\meet\\src\\mock-data.js": {"path":"C:\\Users\\PC\\Desktop\\meet\\src\\mock-data.js","statementMap":{"0":{"start":{"line":1,"column":17},"end":{"line":1396,"column":1}}},"fnMap":{},"branchMap":{},"s":{"0":3},"f":{},"b":{},"_coverageSchema":"1a1c01bbd47fc00a2c39e90264f33305004495a9","hash":"0dba1c721c93487f217bb0e08bfce0111ba9654c"}
,"C:\\Users\\PC\\Desktop\\meet\\src\\components\\CitySearch.jsx": {"path":"C:\\Users\\PC\\Desktop\\meet\\src\\components\\CitySearch.jsx","statementMap":{"0":{"start":{"line":3,"column":19},"end":{"line":52,"column":1}},"1":{"start":{"line":4,"column":48},"end":{"line":4,"column":63}},"2":{"start":{"line":5,"column":28},"end":{"line":5,"column":40}},"3":{"start":{"line":6,"column":40},"end":{"line":6,"column":52}},"4":{"start":{"line":8,"column":29},"end":{"line":18,"column":3}},"5":{"start":{"line":9,"column":18},"end":{"line":9,"column":36}},"6":{"start":{"line":10,"column":30},"end":{"line":14,"column":10}},"7":{"start":{"line":12,"column":10},"end":{"line":12,"column":74}},"8":{"start":{"line":16,"column":4},"end":{"line":16,"column":20}},"9":{"start":{"line":17,"column":4},"end":{"line":17,"column":38}},"10":{"start":{"line":20,"column":28},"end":{"line":24,"column":3}},"11":{"start":{"line":21,"column":18},"end":{"line":21,"column":42}},"12":{"start":{"line":22,"column":4},"end":{"line":22,"column":20}},"13":{"start":{"line":23,"column":4},"end":{"line":23,"column":30}},"14":{"start":{"line":26,"column":2},"end":{"line":51,"column":4}},"15":{"start":{"line":33,"column":23},"end":{"line":33,"column":47}},"16":{"start":{"line":39,"column":12},"end":{"line":43,"column":14}}},"fnMap":{"0":{"name":"(anonymous_0)","decl":{"start":{"line":3,"column":19},"end":{"line":3,"column":20}},"loc":{"start":{"line":3,"column":41},"end":{"line":52,"column":1}},"line":3},"1":{"name":"(anonymous_1)","decl":{"start":{"line":8,"column":29},"end":{"line":8,"column":30}},"loc":{"start":{"line":8,"column":40},"end":{"line":18,"column":3}},"line":8},"2":{"name":"(anonymous_2)","decl":{"start":{"line":11,"column":28},"end":{"line":11,"column":29}},"loc":{"start":{"line":11,"column":42},"end":{"line":13,"column":9}},"line":11},"3":{"name":"(anonymous_3)","decl":{"start":{"line":20,"column":28},"end":{"line":20,"column":29}},"loc":{"start":{"line":20,"column":39},"end":{"line":24,"column":3}},"line":20},"4":{"name":"(anonymous_4)","decl":{"start":{"line":33,"column":17},"end":{"line":33,"column":18}},"loc":{"start":{"line":33,"column":23},"end":{"line":33,"column":47}},"line":33},"5":{"name":"(anonymous_5)","decl":{"start":{"line":38,"column":27},"end":{"line":38,"column":28}},"loc":{"start":{"line":38,"column":43},"end":{"line":44,"column":11}},"line":38}},"branchMap":{"0":{"loc":{"start":{"line":10,"column":30},"end":{"line":14,"column":10}},"type":"cond-expr","locations":[{"start":{"line":11,"column":8},"end":{"line":13,"column":10}},{"start":{"line":14,"column":8},"end":{"line":14,"column":10}}],"line":10},"1":{"loc":{"start":{"line":36,"column":7},"end":{"line":49,"column":14}},"type":"cond-expr","locations":[{"start":{"line":37,"column":8},"end":{"line":48,"column":13}},{"start":{"line":49,"column":10},"end":{"line":49,"column":14}}],"line":36}},"s":{"0":2,"1":26,"2":26,"3":26,"4":26,"5":12,"6":12,"7":24,"8":12,"9":12,"10":26,"11":1,"12":1,"13":1,"14":26,"15":3,"16":12},"f":{"0":26,"1":12,"2":24,"3":1,"4":3,"5":12},"b":{"0":[12,0],"1":[15,11]},"_coverageSchema":"1a1c01bbd47fc00a2c39e90264f33305004495a9","hash":"aace92fdf58dd6a55d24d82d0c8cb9fe83d56d0a"}
,"C:\\Users\\PC\\Desktop\\meet\\src\\components\\Event.jsx": {"path":"C:\\Users\\PC\\Desktop\\meet\\src\\components\\Event.jsx","statementMap":{"0":{"start":{"line":3,"column":14},"end":{"line":25,"column":1}},"1":{"start":{"line":4,"column":40},"end":{"line":4,"column":55}},"2":{"start":{"line":5,"column":2},"end":{"line":24,"column":4}},"3":{"start":{"line":18,"column":10},"end":{"line":18,"column":69}}},"fnMap":{"0":{"name":"(anonymous_0)","decl":{"start":{"line":3,"column":14},"end":{"line":3,"column":15}},"loc":{"start":{"line":3,"column":29},"end":{"line":25,"column":1}},"line":3},"1":{"name":"(anonymous_1)","decl":{"start":{"line":17,"column":17},"end":{"line":17,"column":18}},"loc":{"start":{"line":17,"column":23},"end":{"line":19,"column":9}},"line":17}},"branchMap":{"0":{"loc":{"start":{"line":7,"column":11},"end":{"line":7,"column":33}},"type":"binary-expr","locations":[{"start":{"line":7,"column":11},"end":{"line":7,"column":16}},{"start":{"line":7,"column":20},"end":{"line":7,"column":33}}],"line":7},"1":{"loc":{"start":{"line":8,"column":10},"end":{"line":8,"column":33}},"type":"binary-expr","locations":[{"start":{"line":8,"column":10},"end":{"line":8,"column":15}},{"start":{"line":8,"column":19},"end":{"line":8,"column":33}}],"line":8},"2":{"loc":{"start":{"line":9,"column":10},"end":{"line":9,"column":56}},"type":"binary-expr","locations":[{"start":{"line":9,"column":10},"end":{"line":9,"column":15}},{"start":{"line":9,"column":19},"end":{"line":9,"column":56}}],"line":9},"3":{"loc":{"start":{"line":10,"column":7},"end":{"line":14,"column":14}},"type":"cond-expr","locations":[{"start":{"line":11,"column":8},"end":{"line":13,"column":12}},{"start":{"line":14,"column":10},"end":{"line":14,"column":14}}],"line":10},"4":{"loc":{"start":{"line":12,"column":11},"end":{"line":12,"column":37}},"type":"binary-expr","locations":[{"start":{"line":12,"column":11},"end":{"line":12,"column":16}},{"start":{"line":12,"column":20},"end":{"line":12,"column":37}}],"line":12},"5":{"loc":{"start":{"line":18,"column":10},"end":{"line":18,"column":68}},"type":"cond-expr","locations":[{"start":{"line":18,"column":24},"end":{"line":18,"column":45}},{"start":{"line":18,"column":48},"end":{"line":18,"column":68}}],"line":18},"6":{"loc":{"start":{"line":21,"column":9},"end":{"line":21,"column":54}},"type":"cond-expr","locations":[{"start":{"line":21,"column":23},"end":{"line":21,"column":37}},{"start":{"line":21,"column":40},"end":{"line":21,"column":54}}],"line":21}},"s":{"0":3,"1":43,"2":43,"3":3},"f":{"0":43,"1":3},"b":{"0":[43,43],"1":[43,43],"2":[43,43],"3":[2,41],"4":[2,2],"5":[1,2],"6":[2,41]},"_coverageSchema":"1a1c01bbd47fc00a2c39e90264f33305004495a9","hash":"13f77afc04705a826594a90f9547cfc98aa141a6"}
,"C:\\Users\\PC\\Desktop\\meet\\src\\components\\EventList.jsx": {"path":"C:\\Users\\PC\\Desktop\\meet\\src\\components\\EventList.jsx","statementMap":{"0":{"start":{"line":4,"column":18},"end":{"line":12,"column":1}},"1":{"start":{"line":5,"column":2},"end":{"line":11,"column":4}},"2":{"start":{"line":8,"column":32},"end":{"line":8,"column":70}}},"fnMap":{"0":{"name":"(anonymous_0)","decl":{"start":{"line":4,"column":18},"end":{"line":4,"column":19}},"loc":{"start":{"line":4,"column":34},"end":{"line":12,"column":1}},"line":4},"1":{"name":"(anonymous_1)","decl":{"start":{"line":8,"column":21},"end":{"line":8,"column":22}},"loc":{"start":{"line":8,"column":32},"end":{"line":8,"column":70}},"line":8}},"branchMap":{"0":{"loc":{"start":{"line":7,"column":7},"end":{"line":9,"column":14}},"type":"cond-expr","locations":[{"start":{"line":8,"column":10},"end":{"line":8,"column":71}},{"start":{"line":9,"column":10},"end":{"line":9,"column":14}}],"line":7}},"s":{"0":2,"1":6,"2":34},"f":{"0":6,"1":34},"b":{"0":[1,5]},"_coverageSchema":"1a1c01bbd47fc00a2c39e90264f33305004495a9","hash":"e8fdcf2c3febfc3b91811c70f5e0a9eb02ec7cca"}
,"C:\\Users\\PC\\Desktop\\meet\\src\\components\\NumberOfEvents.jsx": {"path":"C:\\Users\\PC\\Desktop\\meet\\src\\components\\NumberOfEvents.jsx","statementMap":{"0":{"start":{"line":4,"column":23},"end":{"line":29,"column":1}},"1":{"start":{"line":8,"column":30},"end":{"line":8,"column":61}},"2":{"start":{"line":10,"column":29},"end":{"line":14,"column":3}},"3":{"start":{"line":11,"column":18},"end":{"line":11,"column":36}},"4":{"start":{"line":12,"column":4},"end":{"line":12,"column":21}},"5":{"start":{"line":13,"column":4},"end":{"line":13,"column":36}},"6":{"start":{"line":16,"column":2},"end":{"line":28,"column":4}}},"fnMap":{"0":{"name":"(anonymous_0)","decl":{"start":{"line":4,"column":23},"end":{"line":4,"column":24}},"loc":{"start":{"line":7,"column":6},"end":{"line":29,"column":1}},"line":7},"1":{"name":"(anonymous_1)","decl":{"start":{"line":10,"column":29},"end":{"line":10,"column":30}},"loc":{"start":{"line":10,"column":40},"end":{"line":14,"column":3}},"line":10}},"branchMap":{},"s":{"0":2,"1":10,"2":10,"3":4,"4":4,"5":4,"6":10},"f":{"0":10,"1":4},"b":{},"_coverageSchema":"1a1c01bbd47fc00a2c39e90264f33305004495a9","hash":"388dc88c6a5f0a946046e9be572abd75e2be6305"}
}
