TN:
SF:src\App.jsx
FN:6,(anonymous_0)
FNF:1
FNH:1
FNDA:3,(anonymous_0)
DA:6,1
DA:7,3
LF:2
LH:2
BRF:0
BRH:0
end_of_record
TN:
SF:src\api.js
FN:5,(anonymous_0)
FN:6,(anonymous_1)
FN:15,(anonymous_2)
FNF:3
FNH:3
FNDA:2,(anonymous_0)
FNDA:68,(anonymous_1)
FNDA:9,(anonymous_2)
DA:5,3
DA:6,68
DA:7,2
DA:8,2
DA:15,3
DA:16,9
LF:6
LH:6
BRF:0
BRH:0
end_of_record
TN:
SF:src\mock-data.js
FNF:0
FNH:0
DA:1,3
LF:1
LH:1
BRF:0
BRH:0
end_of_record
TN:
SF:src\components\CitySearch.jsx
FN:3,(anonymous_0)
FN:8,(anonymous_1)
FN:11,(anonymous_2)
FN:20,(anonymous_3)
FN:33,(anonymous_4)
FN:38,(anonymous_5)
FNF:6
FNH:6
FNDA:26,(anonymous_0)
FNDA:12,(anonymous_1)
FNDA:24,(anonymous_2)
FNDA:1,(anonymous_3)
FNDA:3,(anonymous_4)
FNDA:12,(anonymous_5)
DA:3,2
DA:4,26
DA:5,26
DA:6,26
DA:8,26
DA:9,12
DA:10,12
DA:12,24
DA:16,12
DA:17,12
DA:20,26
DA:21,1
DA:22,1
DA:23,1
DA:26,26
DA:33,3
DA:39,12
LF:17
LH:17
BRDA:10,0,0,12
BRDA:10,0,1,0
BRDA:36,1,0,15
BRDA:36,1,1,11
BRF:4
BRH:3
end_of_record
TN:
SF:src\components\Event.jsx
FN:3,(anonymous_0)
FN:17,(anonymous_1)
FNF:2
FNH:2
FNDA:43,(anonymous_0)
FNDA:3,(anonymous_1)
DA:3,3
DA:4,43
DA:5,43
DA:18,3
LF:4
LH:4
BRDA:7,0,0,43
BRDA:7,0,1,43
BRDA:8,1,0,43
BRDA:8,1,1,43
BRDA:9,2,0,43
BRDA:9,2,1,43
BRDA:10,3,0,2
BRDA:10,3,1,41
BRDA:12,4,0,2
BRDA:12,4,1,2
BRDA:18,5,0,1
BRDA:18,5,1,2
BRDA:21,6,0,2
BRDA:21,6,1,41
BRF:14
BRH:14
end_of_record
TN:
SF:src\components\EventList.jsx
FN:4,(anonymous_0)
FN:8,(anonymous_1)
FNF:2
FNH:2
FNDA:6,(anonymous_0)
FNDA:34,(anonymous_1)
DA:4,2
DA:5,6
DA:8,34
LF:3
LH:3
BRDA:7,0,0,1
BRDA:7,0,1,5
BRF:2
BRH:2
end_of_record
TN:
SF:src\components\NumberOfEvents.jsx
FN:4,(anonymous_0)
FN:10,(anonymous_1)
FNF:2
FNH:2
FNDA:10,(anonymous_0)
FNDA:4,(anonymous_1)
DA:4,2
DA:8,10
DA:10,10
DA:11,4
DA:12,4
DA:13,4
DA:16,10
LF:7
LH:7
BRF:0
BRH:0
end_of_record
