TN:
SF:src\App.jsx
FN:8,(anonymous_0)
FN:14,(anonymous_1)
FN:18,(anonymous_2)
FN:23,(anonymous_3)
FNF:4
FNH:4
FNDA:12,(anonymous_0)
FNDA:7,(anonymous_1)
FNDA:7,(anonymous_2)
FNDA:34,(anonymous_3)
DA:8,3
DA:9,12
DA:10,11
DA:11,11
DA:12,11
DA:14,11
DA:15,7
DA:18,11
DA:19,7
DA:21,7
DA:23,34
DA:24,7
DA:25,7
DA:28,11
LF:14
LH:14
BRDA:21,0,0,6
BRDA:21,0,1,1
BRF:2
BRH:2
end_of_record
TN:
SF:src\api.js
FN:5,(anonymous_0)
FN:6,(anonymous_1)
FN:15,(anonymous_2)
FNF:3
FNH:3
FNDA:10,(anonymous_0)
FNDA:340,(anonymous_1)
FNDA:18,(anonymous_2)
DA:5,4
DA:6,340
DA:7,10
DA:8,10
DA:15,4
DA:16,18
LF:6
LH:6
BRF:0
BRH:0
end_of_record
TN:
SF:src\mock-data.js
FNF:0
FNH:0
DA:1,4
LF:1
LH:1
BRF:0
BRH:0
end_of_record
TN:
SF:src\components\CitySearch.jsx
FN:3,(anonymous_0)
FN:8,(anonymous_1)
FN:12,(anonymous_2)
FN:15,(anonymous_3)
FN:24,(anonymous_4)
FN:38,(anonymous_5)
FN:43,(anonymous_6)
FNF:7
FNH:7
FNDA:58,(anonymous_0)
FNDA:16,(anonymous_1)
FNDA:18,(anonymous_2)
FNDA:36,(anonymous_3)
FNDA:2,(anonymous_4)
FNDA:5,(anonymous_5)
FNDA:26,(anonymous_6)
DA:3,3
DA:4,58
DA:5,58
DA:6,58
DA:8,58
DA:9,16
DA:12,58
DA:13,18
DA:14,18
DA:16,36
DA:20,18
DA:21,18
DA:24,58
DA:25,2
DA:26,2
DA:27,2
DA:28,2
DA:31,58
DA:38,5
DA:44,26
LF:20
LH:20
BRDA:14,0,0,18
BRDA:14,0,1,0
BRDA:41,1,0,24
BRDA:41,1,1,34
BRF:4
BRH:3
end_of_record
TN:
SF:src\components\Event.jsx
FN:3,(anonymous_0)
FN:17,(anonymous_1)
FNF:2
FNH:2
FNDA:188,(anonymous_0)
FNDA:3,(anonymous_1)
DA:3,4
DA:4,188
DA:5,188
DA:18,3
LF:4
LH:4
BRDA:7,0,0,188
BRDA:7,0,1,188
BRDA:8,1,0,188
BRDA:8,1,1,188
BRDA:9,2,0,188
BRDA:9,2,1,188
BRDA:10,3,0,2
BRDA:10,3,1,186
BRDA:12,4,0,2
BRDA:12,4,1,2
BRDA:18,5,0,1
BRDA:18,5,1,2
BRDA:21,6,0,2
BRDA:21,6,1,186
BRF:14
BRH:14
end_of_record
TN:
SF:src\components\EventList.jsx
FN:4,(anonymous_0)
FN:8,(anonymous_1)
FNF:2
FNH:2
FNDA:14,(anonymous_0)
FNDA:179,(anonymous_1)
DA:4,3
DA:5,14
DA:8,179
LF:3
LH:3
BRDA:7,0,0,12
BRDA:7,0,1,2
BRF:2
BRH:2
end_of_record
TN:
SF:src\components\NumberOfEvents.jsx
FN:4,(anonymous_0)
FN:10,(anonymous_1)
FNF:2
FNH:2
FNDA:18,(anonymous_0)
FNDA:4,(anonymous_1)
DA:4,4
DA:8,18
DA:10,18
DA:11,4
DA:12,4
DA:13,4
DA:16,18
LF:7
LH:7
BRF:0
BRH:0
end_of_record
